<?xml version="1.0" encoding="UTF-8"?>
<testng-results ignored="0" total="3" passed="3" failed="0" skipped="0">
  <reporter-output>
  </reporter-output>
  <suite started-at="2022-01-27T19:31:44 CST" name="smoke" finished-at="2022-01-27T19:33:06 CST" duration-ms="82429">
    <groups>
    </groups>
    <test started-at="2022-01-27T19:31:44 CST" name="All_Tests" finished-at="2022-01-27T19:33:06 CST" duration-ms="82429">
      <class name="test.All_Tests">
        <test-method signature="verifiedUserShouldBeAbleToAddCategory(java.lang.String,java.lang.String)[pri:1, instance:test.All_Tests@13b13b5d]" started-at="2022-01-27T19:31:44 CST" name="verifiedUserShouldBeAbleToAddCategory" finished-at="2022-01-27T19:32:03 CST" duration-ms="19235" status="PASS">
          <params>
            <param index="0">
              <value>
                <![CDATA[TR Category]]>
              </value>
            </param>
            <param index="1">
              <value>
                <![CDATA[Burnt Orange]]>
              </value>
            </param>
          </params>
          <reporter-output>
          </reporter-output>
        </test-method> <!-- verifiedUserShouldBeAbleToAddCategory -->
        <test-method signature="UserShouldBeAbleToCheckDuplicateCategory(java.lang.String)[pri:2, instance:test.All_Tests@13b13b5d]" started-at="2022-01-27T19:32:03 CST" name="UserShouldBeAbleToCheckDuplicateCategory" finished-at="2022-01-27T19:32:25 CST" duration-ms="21564" status="PASS">
          <params>
            <param index="0">
              <value>
                <![CDATA[TR Category]]>
              </value>
            </param>
          </params>
          <reporter-output>
          </reporter-output>
        </test-method> <!-- UserShouldBeAbleToCheckDuplicateCategory -->
        <test-method signature="UserShouldBeAbleToVlidateMonthDropDown(java.lang.String,java.lang.String,java.lang.String,java.lang.String,java.lang.String,java.lang.String,java.lang.String,java.lang.String,java.lang.String,java.lang.String,java.lang.String,java.lang.String)[pri:3, instance:test.All_Tests@13b13b5d]" started-at="2022-01-27T19:32:25 CST" name="UserShouldBeAbleToVlidateMonthDropDown" finished-at="2022-01-27T19:33:06 CST" duration-ms="41549" status="PASS">
          <params>
            <param index="0">
              <value>
                <![CDATA[Jan]]>
              </value>
            </param>
            <param index="1">
              <value>
                <![CDATA[Feb]]>
              </value>
            </param>
            <param index="2">
              <value>
                <![CDATA[Mar]]>
              </value>
            </param>
            <param index="3">
              <value>
                <![CDATA[Apr]]>
              </value>
            </param>
            <param index="4">
              <value>
                <![CDATA[May]]>
              </value>
            </param>
            <param index="5">
              <value>
                <![CDATA[Jun]]>
              </value>
            </param>
            <param index="6">
              <value>
                <![CDATA[Jul]]>
              </value>
            </param>
            <param index="7">
              <value>
                <![CDATA[Aug]]>
              </value>
            </param>
            <param index="8">
              <value>
                <![CDATA[Sep]]>
              </value>
            </param>
            <param index="9">
              <value>
                <![CDATA[Oct]]>
              </value>
            </param>
            <param index="10">
              <value>
                <![CDATA[Nov]]>
              </value>
            </param>
            <param index="11">
              <value>
                <![CDATA[Dec]]>
              </value>
            </param>
          </params>
          <reporter-output>
          </reporter-output>
        </test-method> <!-- UserShouldBeAbleToVlidateMonthDropDown -->
      </class> <!-- test.All_Tests -->
    </test> <!-- All_Tests -->
  </suite> <!-- smoke -->
</testng-results>
