<?xml version="1.0" encoding="UTF-8"?>
<!-- Generated by org.testng.reporters.JUnitXMLReporter -->
<testsuite ignored="0" hostname="LAPTOP-GAPOHHEE" failures="0" tests="3" name="All_Tests" time="82.429" errors="0" timestamp="2022-01-27T19:33:06 CST">
  <testcase classname="test.All_Tests" name="verifiedUserShouldBeAbleToAddCategory" time="19.235"/>
  <testcase classname="test.All_Tests" name="UserShouldBeAbleToCheckDuplicateCategory" time="21.564"/>
  <testcase classname="test.All_Tests" name="UserShouldBeAbleToVlidateMonthDropDown" time="41.549"/>
</testsuite> <!-- All_Tests -->
